<?xml version="1.0" encoding="UTF-8"?>
<testsuite name="SILab2Test" tests="3" skipped="0" failures="0" errors="0" timestamp="2021-05-31T17:20:23" hostname="DESKTOP-SBL0KV8" time="0.012">
  <properties/>
  <testcase name="emptyListTest" classname="SILab2Test" time="0.005"/>
  <testcase name="everyBranchTesting" classname="SILab2Test" time="0.004"/>
  <testcase name="multipleConditionTesting" classname="SILab2Test" time="0.001"/>
  <system-out><![CDATA[]]></system-out>
  <system-err><![CDATA[]]></system-err>
</testsuite>
